<?xml version="1.0" encoding="UTF-8"?>
<testsuite name="CoroutineDispatcherTests" tests="1" skipped="0" failures="0" errors="0" timestamp="2025-08-04T10:15:52" hostname="gijung-ui-MacBookAir.local" time="0.039">
  <properties/>
  <testcase name="limitedParallelism_사용해_Dispatchers_Default_스레드_사용_제한하기()" classname="CoroutineDispatcherTests" time="0.039"/>
  <system-out><![CDATA[]]></system-out>
  <system-err><![CDATA[]]></system-err>
</testsuite>
